Microbiome Workshop Tutorial VM Run Log
Created by: Michael Sieler
Last updated: 2026-03-06
Run started: 2026-03-06 15:44:19

[2026-03-06 15:44:19] R version: R version 4.5.2 (2025-10-31 ucrt)
[2026-03-06 15:44:19] Working directory: N:/users/Sieler/Projects/MicrobiotaWorkshop_2026
[2026-03-06 15:44:19] Project root: N:/users/Sieler/Projects/MicrobiotaWorkshop_2026
[2026-03-06 15:44:19] CHUNK_START | setup
[2026-03-06 15:44:19] CHUNK_END | setup | status=OK | elapsed_sec=0.20
[2026-03-06 15:44:19] CHUNK_START | load-libraries-part1
[2026-03-06 15:44:29] CHUNK_END | load-libraries-part1 | status=OK | elapsed_sec=9.71
[2026-03-06 15:44:29] CHUNK_START | list-input-files
[2026-03-06 15:44:29] CHUNK_END | list-input-files | status=OK | elapsed_sec=0.26
[2026-03-06 15:44:29] CHUNK_START | quality-profiles
[2026-03-06 15:45:19] CHUNK_END | quality-profiles | status=OK | elapsed_sec=50.42
[2026-03-06 15:45:19] CHUNK_START | define-primers
[2026-03-06 15:45:19] CHUNK_END | define-primers | status=OK | elapsed_sec=0.01
[2026-03-06 15:45:19] CHUNK_START | check-primers
[2026-03-06 15:45:22] CHUNK_END | check-primers | status=OK | elapsed_sec=2.51
[2026-03-06 15:45:22] CHUNK_START | filter-and-trim
[2026-03-06 15:45:22] CHUNK_END | filter-and-trim | status=OK | elapsed_sec=0.58
[2026-03-06 15:45:22] CHUNK_START | verify-primer-removal
[2026-03-06 15:45:22] CHUNK_END | verify-primer-removal | status=OK | elapsed_sec=0.04
[2026-03-06 15:45:22] CHUNK_START | learn-errors
[2026-03-06 15:45:23] CHUNK_END | learn-errors | status=OK | elapsed_sec=0.12
[2026-03-06 15:45:23] CHUNK_START | plot-errors
[2026-03-06 15:45:24] CHUNK_END | plot-errors | status=OK | elapsed_sec=0.98
[2026-03-06 15:45:24] CHUNK_START | denoise-and-merge
[2026-03-06 15:45:24] CHUNK_END | denoise-and-merge | status=OK | elapsed_sec=0.73
[2026-03-06 15:45:24] CHUNK_START | sequence-table
[2026-03-06 15:45:24] CHUNK_END | sequence-table | status=OK | elapsed_sec=0.04
[2026-03-06 15:45:24] CHUNK_START | length-filter
[2026-03-06 15:45:24] CHUNK_END | length-filter | status=OK | elapsed_sec=0.01
[2026-03-06 15:45:24] CHUNK_START | chimera-removal
[2026-03-06 15:45:24] CHUNK_END | chimera-removal | status=OK | elapsed_sec=0.03
[2026-03-06 15:45:24] CHUNK_START | tracking-table
[2026-03-06 15:45:25] CHUNK_END | tracking-table | status=OK | elapsed_sec=0.83
[2026-03-06 15:45:25] CHUNK_START | assign-taxonomy
[2026-03-06 15:45:25] CHUNK_END | assign-taxonomy | status=OK | elapsed_sec=0.31
[2026-03-06 15:45:25] CHUNK_START | build-initial-phyloseq
[2026-03-06 15:45:26] CHUNK_END | build-initial-phyloseq | status=OK | elapsed_sec=0.08
[2026-03-06 15:45:26] CHUNK_START | remove-low-depth
[2026-03-06 15:45:26] CHUNK_END | remove-low-depth | status=OK | elapsed_sec=0.24
[2026-03-06 15:45:26] CHUNK_START | decontam-example
[2026-03-06 15:45:26] CHUNK_END | decontam-example | status=OK | elapsed_sec=0.01
[2026-03-06 15:45:26] CHUNK_START | mock-community-qc-optional
[2026-03-06 15:45:26] CHUNK_END | mock-community-qc-optional | status=OK | elapsed_sec=0.01
[2026-03-06 15:45:26] CHUNK_START | taxa-filtering-pipeline
[2026-03-06 15:45:26] CHUNK_END | taxa-filtering-pipeline | status=OK | elapsed_sec=0.19
[2026-03-06 15:45:26] CHUNK_START | add-metadata
[2026-03-06 15:45:26] CHUNK_END | add-metadata | status=OK | elapsed_sec=0.09
[2026-03-06 15:45:26] CHUNK_START | set-part2-figure-path
[2026-03-06 15:45:26] CHUNK_END | set-part2-figure-path | status=OK | elapsed_sec=0.01
[2026-03-06 15:45:26] CHUNK_START | load-libraries-part2
[2026-03-06 15:45:26] CHUNK_END | load-libraries-part2 | status=OK | elapsed_sec=0.21
[2026-03-06 15:45:26] CHUNK_START | sequencing-depth
[2026-03-06 15:45:27] CHUNK_END | sequencing-depth | status=OK | elapsed_sec=0.23
[2026-03-06 15:45:27] CHUNK_START | composition-barplot-relative
[2026-03-06 15:45:27] CHUNK_END | composition-barplot-relative | status=OK | elapsed_sec=0.90
[2026-03-06 15:45:27] CHUNK_START | composition-barplot-absolute
[2026-03-06 15:45:28] CHUNK_END | composition-barplot-absolute | status=OK | elapsed_sec=0.74
[2026-03-06 15:45:28] CHUNK_START | alpha-diversity
[2026-03-06 15:45:29] CHUNK_END | alpha-diversity | status=OK | elapsed_sec=0.86
[2026-03-06 15:45:29] CHUNK_START | alpha-stats
[2026-03-06 15:45:29] CHUNK_END | alpha-stats | status=OK | elapsed_sec=0.02
[2026-03-06 15:45:29] CHUNK_START | alpha-pairwise
[2026-03-06 15:45:30] CHUNK_END | alpha-pairwise | status=OK | elapsed_sec=0.46
[2026-03-06 15:45:30] CHUNK_START | pcoa-ordination
[2026-03-06 15:45:30] CHUNK_END | pcoa-ordination | status=OK | elapsed_sec=0.74
[2026-03-06 15:45:30] CHUNK_START | permanova
[2026-03-06 15:45:31] CHUNK_END | permanova | status=OK | elapsed_sec=0.49
[2026-03-06 15:45:31] CHUNK_START | betadisper
[2026-03-06 15:45:31] CHUNK_END | betadisper | status=OK | elapsed_sec=0.10
[2026-03-06 15:45:31] CHUNK_START | beta-interpretation
[2026-03-06 15:45:31] CHUNK_END | beta-interpretation | status=OK | elapsed_sec=0.02
[2026-03-06 15:45:31] CHUNK_START | da-setup
[2026-03-06 15:45:31] CHUNK_END | da-setup | status=OK | elapsed_sec=0.04
[2026-03-06 15:45:31] CHUNK_START | da-deseq2
[2026-03-06 15:45:34] CHUNK_END | da-deseq2 | status=OK | elapsed_sec=3.44
[2026-03-06 15:45:34] CHUNK_START | da-visualization
[2026-03-06 15:45:37] CHUNK_END | da-visualization | status=OK | elapsed_sec=2.22
[2026-03-06 15:45:37] CHUNK_START | da-heatmap
[2026-03-06 15:45:37] Object check: all required objects found
[2026-03-06 15:45:37] Output check: all 37 expected files are present
[2026-03-06 15:45:37] CHUNK_END | da-heatmap | status=OK | elapsed_sec=0.54
[2026-03-06 15:45:37] Chunk timing file: N:/users/Sieler/Projects/MicrobiotaWorkshop_2026/Logs/Microbiome_Workshop_Tutorial__chunk_timings__20260306_154419.csv
[2026-03-06 15:45:37] Top chunk runtimes (seconds):
[2026-03-06 15:45:37]   quality-profiles: 50.42 [OK]
[2026-03-06 15:45:37]   load-libraries-part1: 9.71 [OK]
[2026-03-06 15:45:37]   da-deseq2: 3.44 [OK]
[2026-03-06 15:45:37]   check-primers: 2.51 [OK]
[2026-03-06 15:45:37]   da-visualization: 2.22 [OK]
[2026-03-06 15:45:37] Run finished: 2026-03-06 15:45:37
[2026-03-06 15:45:37] Total elapsed seconds: 78.51
[2026-03-06 15:45:37] Log file: N:/users/Sieler/Projects/MicrobiotaWorkshop_2026/Logs/Microbiome_Workshop_Tutorial__run__20260306_154419.log
